0 info it worked if it ends with ok
1 verbose cli [ '/Users/guillaumeflandre/.nvm/v0.10.29/bin/node',
1 verbose cli   '/Users/guillaumeflandre/.nvm/v0.10.29/bin/npm',
1 verbose cli   'publish' ]
2 info using npm@1.4.14
3 info using node@v0.10.29
4 verbose publish [ '.' ]
5 verbose cache add [ '.', null ]
6 verbose cache add name=undefined spec="." args=[".",null]
7 verbose parsed url { protocol: null,
7 verbose parsed url   slashes: null,
7 verbose parsed url   auth: null,
7 verbose parsed url   host: null,
7 verbose parsed url   port: null,
7 verbose parsed url   hostname: null,
7 verbose parsed url   hash: null,
7 verbose parsed url   search: null,
7 verbose parsed url   query: null,
7 verbose parsed url   pathname: '.',
7 verbose parsed url   path: '.',
7 verbose parsed url   href: '.' }
8 silly lockFile 3a52ce78- .
9 verbose lock . /Users/guillaumeflandre/.npm/3a52ce78-.lock
10 verbose tar pack [ '/Users/guillaumeflandre/.npm/node-streamer/0.1.0/package.tgz',
10 verbose tar pack   '.' ]
11 verbose tarball /Users/guillaumeflandre/.npm/node-streamer/0.1.0/package.tgz
12 verbose folder .
13 info prepublish node-streamer@0.1.0
14 silly lockFile 1f1177db-tar tar://.
15 verbose lock tar://. /Users/guillaumeflandre/.npm/1f1177db-tar.lock
16 silly lockFile a4cc34fc--node-streamer-0-1-0-package-tgz tar:///Users/guillaumeflandre/.npm/node-streamer/0.1.0/package.tgz
17 verbose lock tar:///Users/guillaumeflandre/.npm/node-streamer/0.1.0/package.tgz /Users/guillaumeflandre/.npm/a4cc34fc--node-streamer-0-1-0-package-tgz.lock
18 silly lockFile 1f1177db-tar tar://.
19 silly lockFile 1f1177db-tar tar://.
20 silly lockFile a4cc34fc--node-streamer-0-1-0-package-tgz tar:///Users/guillaumeflandre/.npm/node-streamer/0.1.0/package.tgz
21 silly lockFile a4cc34fc--node-streamer-0-1-0-package-tgz tar:///Users/guillaumeflandre/.npm/node-streamer/0.1.0/package.tgz
22 silly lockFile 3bc4124d--npm-node-streamer-0-1-0-package /Users/guillaumeflandre/.npm/node-streamer/0.1.0/package
23 verbose lock /Users/guillaumeflandre/.npm/node-streamer/0.1.0/package /Users/guillaumeflandre/.npm/3bc4124d--npm-node-streamer-0-1-0-package.lock
24 silly lockFile 3bc4124d--npm-node-streamer-0-1-0-package /Users/guillaumeflandre/.npm/node-streamer/0.1.0/package
25 silly lockFile 3bc4124d--npm-node-streamer-0-1-0-package /Users/guillaumeflandre/.npm/node-streamer/0.1.0/package
26 silly lockFile 3a52ce78- .
27 silly lockFile 3a52ce78- .
28 silly publish { name: 'node-streamer',
28 silly publish   version: '0.1.0',
28 silly publish   description: 'Node.js streaming helper for async tasks',
28 silly publish   keywords: [ 'streaming', 'helper', 'async' ],
28 silly publish   homepage: 'https://github.com/gflandre/node-streamer',
28 silly publish   author:
28 silly publish    { name: 'Guillaume Flandre',
28 silly publish      email: 'guiome.flandre@gmail.com',
28 silly publish      url: 'http://twitter.com/gflandre' },
28 silly publish   repository:
28 silly publish    { type: 'git',
28 silly publish      url: 'https://github.com/gflandre/node-streamer.git' },
28 silly publish   dependencies: { mocha: '2.2.x' },
28 silly publish   main: './streamer.js',
28 silly publish   engines: { node: '>=v0.10.0' },
28 silly publish   scripts: { test: './node_modules/mocha/bin/mocha' },
28 silly publish   readme: '# Streamer\n\nStreamer is a lib helping to iterate over streamed data while performing async\noperations on each piece of data streamed.\n\n## Install\n```\nnpm install node-streamer\n```\n\n## Usage\n### `each`\n`streamer.each(stream, iterator, callback)`\n\nWhere :\n - `stream` is a node.js readable stream\n - `iterator(elem, getStats, cb)` is the method that will perform an async task. It has the following arguments:\n   - `elem` data from the stream\n   - `getStats` a method that can be called to get stats of the state of the current streaming, of the form:\n     ```javascript\n     \t{\n     \t  retrieved: <number>,\n     \t  processed: <number>\n        }\n     ```\n   - `cb` to be called when the async task is done\n - `callback` the callback called when the stream is done\n\n#### Example:\n```\nvar streamer = require(\'node-streamer\');\n\n// Dummy method to get a readable stream\n// Typically: a large file, a mysql or mongo stream, whatever really\nvar stream = getStream();\n\n// For each `data` retrieved for the stream, execute the iterator method, do something async,\n// then call the callback\nstreamer.each(stream, function (elem, getStats, cb) {\n\tmyAsyncMethod(function (err) {\n\t\tvar stats = getStats();\n\t\tconsole.log(\'%d/%d\', stats.processed, stats.retrieved);\n\t\treturn cb(err);\n\t})\n}, function (err, stats) {\n\tconsole.log(\'DONE: %d/%d\', stats.processed, stats.retrieved);\n\t// do something when done\n});\n```\n\n## Test\nIn order to test you\'ll need to install mocha: `npm install -g mocha`.\nThen just run the `mocha` command at the root of your project.\n\n## Contribute\nThis lib is still very basic and might not perfectly fit your needs.\nIf you think it would make sense to add some features/methods don\'t hesitate to fork and\nmake pull requests.\n\n## Licence\nDistributed under the MIT License.\n',
28 silly publish   readmeFilename: 'README.md',
28 silly publish   gitHead: '2cc5d02b8bdd0acf5912aaf46bcfe58fa8636a54',
28 silly publish   bugs: { url: 'https://github.com/gflandre/node-streamer/issues' },
28 silly publish   _id: 'node-streamer@0.1.0',
28 silly publish   _shasum: 'eafc9254cd76f932d39645778cbdd1b4a238c964',
28 silly publish   _from: '.' }
29 verbose url raw node-streamer
30 verbose url resolving [ 'https://registry.npmjs.org/', './node-streamer' ]
31 verbose url resolved https://registry.npmjs.org/node-streamer
32 info trying registry request attempt 1 at 09:59:05
33 http PUT https://registry.npmjs.org/node-streamer
34 http 403 https://registry.npmjs.org/node-streamer
35 verbose headers { 'content-type': 'application/json',
35 verbose headers   'cache-control': 'max-age=60',
35 verbose headers   'content-length': '95',
35 verbose headers   'accept-ranges': 'bytes',
35 verbose headers   date: 'Mon, 29 Jun 2015 07:58:55 GMT',
35 verbose headers   via: '1.1 varnish',
35 verbose headers   connection: 'keep-alive',
35 verbose headers   'x-served-by': 'cache-fra1241-FRA',
35 verbose headers   'x-cache': 'MISS',
35 verbose headers   'x-cache-hits': '0',
35 verbose headers   'x-timer': 'S1435564733.554103,VS0,VE1713' }
36 error publish Failed PUT 403
37 error Error: "You cannot publish over the previously published version 0.1.0." : node-streamer
37 error     at RegClient.<anonymous> (/Users/guillaumeflandre/.nvm/v0.10.29/lib/node_modules/npm/node_modules/npm-registry-client/lib/request.js:274:14)
37 error     at Request._callback (/Users/guillaumeflandre/.nvm/v0.10.29/lib/node_modules/npm/node_modules/npm-registry-client/lib/request.js:212:65)
37 error     at Request.self.callback (/Users/guillaumeflandre/.nvm/v0.10.29/lib/node_modules/npm/node_modules/request/request.js:123:22)
37 error     at Request.emit (events.js:98:17)
37 error     at Request.<anonymous> (/Users/guillaumeflandre/.nvm/v0.10.29/lib/node_modules/npm/node_modules/request/request.js:893:14)
37 error     at Request.emit (events.js:117:20)
37 error     at IncomingMessage.<anonymous> (/Users/guillaumeflandre/.nvm/v0.10.29/lib/node_modules/npm/node_modules/request/request.js:844:12)
37 error     at IncomingMessage.emit (events.js:117:20)
37 error     at _stream_readable.js:929:16
37 error     at process._tickCallback (node.js:419:13)
38 error If you need help, you may report this *entire* log,
38 error including the npm and node versions, at:
38 error     <http://github.com/npm/npm/issues>
39 error System Darwin 14.0.0
40 error command "/Users/guillaumeflandre/.nvm/v0.10.29/bin/node" "/Users/guillaumeflandre/.nvm/v0.10.29/bin/npm" "publish"
41 error cwd /Users/guillaumeflandre/dev/streamer
42 error node -v v0.10.29
43 error npm -v 1.4.14
44 verbose exit [ 1, true ]
